<?xml version="1.0" encoding="UTF-8"?>
<!-- Generated by org.testng.reporters.JUnitXMLReporter -->
<testsuite ignored="0" hostname="DESKTOP-8JTJ3RQ" failures="1" tests="1" name="TestNG_Maven" time="0.203" errors="0" timestamp="2022-02-14T09:24:06 GMT-08:00">
  <testcase classname="AssertionUnit" name="unitTest" time="0.016">
    <failure type="java.lang.AssertionError" message="expected [denis] but found [Denis]">
      <![CDATA[java.lang.AssertionError: expected [denis] but found [Denis]
at AssertionUnit.unitTest(AssertionUnit.java:14)
at java.base/java.util.ArrayList.forEach(ArrayList.java:1511)
at com.intellij.rt.testng.IDEARemoteTestNG.run(IDEARemoteTestNG.java:66)
at com.intellij.rt.testng.RemoteTestNGStarter.main(RemoteTestNGStarter.java:109)
... Removed 30 stack frames]]>
    </failure>
  </testcase> <!-- unitTest -->
</testsuite> <!-- TestNG_Maven -->
